Toaster IST Bot Started. Monitoring RSS feeds...
Error processing https://fenix.tecnico.ulisboa.pt/disciplinas/MO10/2025-2026/2-semestre/rss/announcement: name 'ping' is not defined
Error processing https://fenix.tecnico.ulisboa.pt/disciplinas/CDI53610/2025-2026/2-semestre/rss/announcement: name 'ping' is not defined
Error processing https://fenix.tecnico.ulisboa.pt/disciplinas/Alge10/2025-2026/2-semestre/rss/announcement: name 'ping' is not defined
Sweep complete. Sleeping for 300s...
Error processing https://fenix.tecnico.ulisboa.pt/disciplinas/MO10/2025-2026/2-semestre/rss/announcement: name 'ping' is not defined
Error processing https://fenix.tecnico.ulisboa.pt/disciplinas/CDI53610/2025-2026/2-semestre/rss/announcement: name 'ping' is not defined
Error processing https://fenix.tecnico.ulisboa.pt/disciplinas/Alge10/2025-2026/2-semestre/rss/announcement: name 'ping' is not defined
Sweep complete. Sleeping for 300s...
Error processing https://fenix.tecnico.ulisboa.pt/disciplinas/MO10/2025-2026/2-semestre/rss/announcement: name 'ping' is not defined
Error processing https://fenix.tecnico.ulisboa.pt/disciplinas/CDI53610/2025-2026/2-semestre/rss/announcement: name 'ping' is not defined
Error processing https://fenix.tecnico.ulisboa.pt/disciplinas/Alge10/2025-2026/2-semestre/rss/announcement: name 'ping' is not defined
Sweep complete. Sleeping for 300s...
Error processing https://fenix.tecnico.ulisboa.pt/disciplinas/MO10/2025-2026/2-semestre/rss/announcement: name 'ping' is not defined
Error processing https://fenix.tecnico.ulisboa.pt/disciplinas/CDI53610/2025-2026/2-semestre/rss/announcement: name 'ping' is not defined
Error processing https://fenix.tecnico.ulisboa.pt/disciplinas/Alge10/2025-2026/2-semestre/rss/announcement: name 'ping' is not defined
Sweep complete. Sleeping for 300s...
Error processing https://fenix.tecnico.ulisboa.pt/disciplinas/MO10/2025-2026/2-semestre/rss/announcement: name 'ping' is not defined
Error processing https://fenix.tecnico.ulisboa.pt/disciplinas/CDI53610/2025-2026/2-semestre/rss/announcement: name 'ping' is not defined
Error processing https://fenix.tecnico.ulisboa.pt/disciplinas/Alge10/2025-2026/2-semestre/rss/announcement: name 'ping' is not defined
Sweep complete. Sleeping for 300s...
Error processing https://fenix.tecnico.ulisboa.pt/disciplinas/MO10/2025-2026/2-semestre/rss/announcement: name 'ping' is not defined
Error processing https://fenix.tecnico.ulisboa.pt/disciplinas/CDI53610/2025-2026/2-semestre/rss/announcement: name 'ping' is not defined
Error processing https://fenix.tecnico.ulisboa.pt/disciplinas/Alge10/2025-2026/2-semestre/rss/announcement: name 'ping' is not defined
Sweep complete. Sleeping for 300s...
Error processing https://fenix.tecnico.ulisboa.pt/disciplinas/MO10/2025-2026/2-semestre/rss/announcement: name 'ping' is not defined
Error processing https://fenix.tecnico.ulisboa.pt/disciplinas/CDI53610/2025-2026/2-semestre/rss/announcement: name 'ping' is not defined
Error processing https://fenix.tecnico.ulisboa.pt/disciplinas/Alge10/2025-2026/2-semestre/rss/announcement: name 'ping' is not defined
Sweep complete. Sleeping for 300s...
Error processing https://fenix.tecnico.ulisboa.pt/disciplinas/MO10/2025-2026/2-semestre/rss/announcement: name 'ping' is not defined
Error processing https://fenix.tecnico.ulisboa.pt/disciplinas/CDI53610/2025-2026/2-semestre/rss/announcement: name 'ping' is not defined
Error processing https://fenix.tecnico.ulisboa.pt/disciplinas/Alge10/2025-2026/2-semestre/rss/announcement: name 'ping' is not defined
Sweep complete. Sleeping for 300s...
Error processing https://fenix.tecnico.ulisboa.pt/disciplinas/MO10/2025-2026/2-semestre/rss/announcement: name 'ping' is not defined
Error processing https://fenix.tecnico.ulisboa.pt/disciplinas/CDI53610/2025-2026/2-semestre/rss/announcement: name 'ping' is not defined
Error processing https://fenix.tecnico.ulisboa.pt/disciplinas/Alge10/2025-2026/2-semestre/rss/announcement: name 'ping' is not defined
Sweep complete. Sleeping for 300s...
Error processing https://fenix.tecnico.ulisboa.pt/disciplinas/MO10/2025-2026/2-semestre/rss/announcement: name 'ping' is not defined
Error processing https://fenix.tecnico.ulisboa.pt/disciplinas/CDI53610/2025-2026/2-semestre/rss/announcement: name 'ping' is not defined
Error processing https://fenix.tecnico.ulisboa.pt/disciplinas/Alge10/2025-2026/2-semestre/rss/announcement: name 'ping' is not defined
Sweep complete. Sleeping for 300s...
Error processing https://fenix.tecnico.ulisboa.pt/disciplinas/MO10/2025-2026/2-semestre/rss/announcement: name 'ping' is not defined
Error processing https://fenix.tecnico.ulisboa.pt/disciplinas/CDI53610/2025-2026/2-semestre/rss/announcement: name 'ping' is not defined
Error processing https://fenix.tecnico.ulisboa.pt/disciplinas/Alge10/2025-2026/2-semestre/rss/announcement: name 'ping' is not defined
Sweep complete. Sleeping for 300s...
Error processing https://fenix.tecnico.ulisboa.pt/disciplinas/MO10/2025-2026/2-semestre/rss/announcement: name 'ping' is not defined
Error processing https://fenix.tecnico.ulisboa.pt/disciplinas/CDI53610/2025-2026/2-semestre/rss/announcement: name 'ping' is not defined
Error processing https://fenix.tecnico.ulisboa.pt/disciplinas/Alge10/2025-2026/2-semestre/rss/announcement: name 'ping' is not defined
Sweep complete. Sleeping for 300s...
Error processing https://fenix.tecnico.ulisboa.pt/disciplinas/MO10/2025-2026/2-semestre/rss/announcement: name 'ping' is not defined
Error processing https://fenix.tecnico.ulisboa.pt/disciplinas/CDI53610/2025-2026/2-semestre/rss/announcement: name 'ping' is not defined
Error processing https://fenix.tecnico.ulisboa.pt/disciplinas/Alge10/2025-2026/2-semestre/rss/announcement: name 'ping' is not defined
Sweep complete. Sleeping for 300s...
Error processing https://fenix.tecnico.ulisboa.pt/disciplinas/MO10/2025-2026/2-semestre/rss/announcement: name 'ping' is not defined
Error processing https://fenix.tecnico.ulisboa.pt/disciplinas/CDI53610/2025-2026/2-semestre/rss/announcement: name 'ping' is not defined
Error processing https://fenix.tecnico.ulisboa.pt/disciplinas/Alge10/2025-2026/2-semestre/rss/announcement: name 'ping' is not defined
Sweep complete. Sleeping for 300s...
Error processing https://fenix.tecnico.ulisboa.pt/disciplinas/MO10/2025-2026/2-semestre/rss/announcement: name 'ping' is not defined
Error processing https://fenix.tecnico.ulisboa.pt/disciplinas/CDI53610/2025-2026/2-semestre/rss/announcement: name 'ping' is not defined
Error processing https://fenix.tecnico.ulisboa.pt/disciplinas/Alge10/2025-2026/2-semestre/rss/announcement: name 'ping' is not defined
Sweep complete. Sleeping for 300s...
Error processing https://fenix.tecnico.ulisboa.pt/disciplinas/MO10/2025-2026/2-semestre/rss/announcement: name 'ping' is not defined
Error processing https://fenix.tecnico.ulisboa.pt/disciplinas/CDI53610/2025-2026/2-semestre/rss/announcement: name 'ping' is not defined
Error processing https://fenix.tecnico.ulisboa.pt/disciplinas/Alge10/2025-2026/2-semestre/rss/announcement: name 'ping' is not defined
Sweep complete. Sleeping for 300s...
Error processing https://fenix.tecnico.ulisboa.pt/disciplinas/MO10/2025-2026/2-semestre/rss/announcement: name 'ping' is not defined
Error processing https://fenix.tecnico.ulisboa.pt/disciplinas/CDI53610/2025-2026/2-semestre/rss/announcement: name 'ping' is not defined
Error processing https://fenix.tecnico.ulisboa.pt/disciplinas/Alge10/2025-2026/2-semestre/rss/announcement: name 'ping' is not defined
Sweep complete. Sleeping for 300s...
Error processing https://fenix.tecnico.ulisboa.pt/disciplinas/IAC23610/2025-2026/2-semestre/rss/announcement: name 'ping' is not defined
Error processing https://fenix.tecnico.ulisboa.pt/disciplinas/MO10/2025-2026/2-semestre/rss/announcement: name 'ping' is not defined
Error processing https://fenix.tecnico.ulisboa.pt/disciplinas/CDI53610/2025-2026/2-semestre/rss/announcement: name 'ping' is not defined
Error processing https://fenix.tecnico.ulisboa.pt/disciplinas/Alge10/2025-2026/2-semestre/rss/announcement: name 'ping' is not defined
Sweep complete. Sleeping for 300s...
Error processing https://fenix.tecnico.ulisboa.pt/disciplinas/IAC23610/2025-2026/2-semestre/rss/announcement: name 'ping' is not defined